(node:13390) [MODULE_TYPELESS_PACKAGE_JSON] Warning: Module type of file:///Users/dexterhv/Work/gridy/chain_2/madara-scripts/l3_scripts/1_accounts/deploy_accounts.js is not specified and it doesn't parse as CommonJS.
Reparsing as ES module because module syntax was detected. This incurs a performance overhead.
To eliminate this warning, add "type": "module" to /Users/dexterhv/Work/gridy/chain_2/madara-scripts/package.json.
(Use `node --trace-warnings ...` to show where the warning was created)
(node:13390) [DEP0040] DeprecationWarning: The `punycode` module is deprecated. Please use a userland alternative instead.
UDC contract address: 0x41a78e741e5af2fec34b695679bc6891742439f7afb8484ecd7766661ad02bf

Deploying 7 accounts...


Deploying account 1 of 7
Calculated contract address: 0xffae1b123f7ddca131f3f7a4cc4e5d11e41f4bbda940a0dbd1cd408b8da28f
Parameters used for address calculation:
- Salt: 0x1db7fc4565c797
- Class Hash: 0x1484c93b9d6cf61614d698ed069b3c6992c32549194fc3465258c2194734189
- Constructor calldata: [
  '481045988114022098540067245206595707604589241716618364121664777689100255599'
]
- UDC address: 0x41a78e741e5af2fec34b695679bc6891742439f7afb8484ecd7766661ad02bf
Deployment transaction hash: 0x4662fa77f0959a7b709114bdb37026b404f0ba569791262b447c259408c8c22

=== NEW ACCOUNT DEPLOYED ===
Deployed address: 0x51dd8a5ec5fa4fb9e88466a460fc4d352a98ef9611caabc1810c8cfeacbf959
Private key: 0x03afa932ddce69727877421e0d3ca04d9342b453d92d5ef7804dbc9087aab806
============================


Deploying account 2 of 7
Calculated contract address: 0x7c6e03cc8b1930fba37f37cd1c5aaad538a9d79c87a7ff7f50294acc2cbf4ed
Parameters used for address calculation:
- Salt: 0xde9645240f24f
- Class Hash: 0x1484c93b9d6cf61614d698ed069b3c6992c32549194fc3465258c2194734189
- Constructor calldata: [
  '1348104083855409496832149571546617786768702093231790551605162358509183460154'
]
- UDC address: 0x41a78e741e5af2fec34b695679bc6891742439f7afb8484ecd7766661ad02bf
Deployment transaction hash: 0x3c292dd1bd2564e33c338bd98a909736af1d2809a4044407043ff291b6a6248

=== NEW ACCOUNT DEPLOYED ===
Deployed address: 0x2e992834e8152c5751ba3059a7705eccc55320e778bb8680943af508de3557b
Private key: 0x0182c8ba524c664100eaf0be5e619ed6f29e9e1abc1fc27b7f02112a3748a9de
============================


Deploying account 3 of 7
Calculated contract address: 0xd5a6fbc9eed12798adc1673971d66bfb08a6eb2c15e6fd3f2d7401856a9dfd
Parameters used for address calculation:
- Salt: 0x1839e090cee155
- Class Hash: 0x1484c93b9d6cf61614d698ed069b3c6992c32549194fc3465258c2194734189
- Constructor calldata: [
  '1065061275536265057889534416717908877827040381364109107016557961057569139407'
]
- UDC address: 0x41a78e741e5af2fec34b695679bc6891742439f7afb8484ecd7766661ad02bf
Deployment transaction hash: 0x5d9dd96e5816c232b95350887d09a67a0969ab40dd9e9ba825a36cda881755c

=== NEW ACCOUNT DEPLOYED ===
Deployed address: 0x79d4b9fdcb5802292c7f68ea22b129423b3bfc937d18601ad270074f9e27f2f
Private key: 0x0320662e0ab2d7ecd2bc070f70fb481990ddc7aa7bb02876be467f12ad9a6559
============================


Deploying account 4 of 7
Calculated contract address: 0x254bc48e71689cb5f97f69edf462cfec44ad4407db75b835162a036b3602758
Parameters used for address calculation:
- Salt: 0x1382908ca43d3f
- Class Hash: 0x1484c93b9d6cf61614d698ed069b3c6992c32549194fc3465258c2194734189
- Constructor calldata: [
  '2323068522044608045858820956836558527435024032339613439098796136424077183247'
]
- UDC address: 0x41a78e741e5af2fec34b695679bc6891742439f7afb8484ecd7766661ad02bf
Deployment transaction hash: 0x2b431c1383baa25326b25cfbf2ac23c1968a2c0d6e13fea8997c06b723c81e9

=== NEW ACCOUNT DEPLOYED ===
Deployed address: 0x2d4c81e798364de08d9082e4a6412c181dbf45456e41d8775432ef1938fa930
Private key: 0x039dce8149fbbe762f9328a55a69c28da62a6a1b2176e7ba0de83e56ee644900
============================


Deploying account 5 of 7
Calculated contract address: 0x17eaebfefe6e6a5e55611e8b36dc320f64f585649ccb65db4cbc243ae8307bc
Parameters used for address calculation:
- Salt: 0x2274093386aab
- Class Hash: 0x1484c93b9d6cf61614d698ed069b3c6992c32549194fc3465258c2194734189
- Constructor calldata: [
  '450644793909956296153619311985153305182363044113053750841498755989878278523'
]
- UDC address: 0x41a78e741e5af2fec34b695679bc6891742439f7afb8484ecd7766661ad02bf
Deployment transaction hash: 0x1614e337f691f00dbc32a5c807b1affcc323fea397887abbade9a6e66826771

=== NEW ACCOUNT DEPLOYED ===
Deployed address: 0x7fa02f49a61633ecd46bf4b35add7536c91669adb098fc23686c12b9e818edb
Private key: 0x0454ccc790eb243f096ca5cc791f64e1d66e6489d39cad5d625386dced37a7ad
============================


Deploying account 6 of 7
Calculated contract address: 0x2bd00b8adcd9aba9327c523f58e042089a63f9eada6c45a68d466524f6ce47
Parameters used for address calculation:
- Salt: 0x1a6350578d1133
- Class Hash: 0x1484c93b9d6cf61614d698ed069b3c6992c32549194fc3465258c2194734189
- Constructor calldata: [
  '3348056925596682990210151582930508033918930389286835991156882514858486412458'
]
- UDC address: 0x41a78e741e5af2fec34b695679bc6891742439f7afb8484ecd7766661ad02bf
Deployment transaction hash: 0x1921e3149c12b92b5dba6564b243383918bc4baa0d85585c4076ecb640209bd

=== NEW ACCOUNT DEPLOYED ===
Deployed address: 0x1041dcd82027d1afed671084b894d8e70a07d83c2bc33a805f0d7da6dfe83fa
Private key: 0x0273c2b17c3831daa3b15ee562e4478087155a738674877f9af0d2c8d8425a98
============================


Deploying account 7 of 7
Calculated contract address: 0x10d9742ac2fa65f8e7898c78292ee3b0d2934bcc73136877ff3d81ad7c76841
Parameters used for address calculation:
- Salt: 0xf68d32e599f9b
- Class Hash: 0x1484c93b9d6cf61614d698ed069b3c6992c32549194fc3465258c2194734189
- Constructor calldata: [
  '845202821416622677422364158662276356712980580194961283188177028796398314308'
]
- UDC address: 0x41a78e741e5af2fec34b695679bc6891742439f7afb8484ecd7766661ad02bf
Deployment transaction hash: 0x1dd436602fcc568429c6cc2907dc72427218fac28416e340cbe72531230b578

=== NEW ACCOUNT DEPLOYED ===
Deployed address: 0x634d0247deec8b0a9ab1d8f606696ef8ce6a0ca07c7d7bb62f7daf55c01f6b2
Private key: 0x0589641a0a7c4c6243119551a2da14a78ba35cf7501f0e10cd1c4ed33cfc297b
============================


All 7 accounts deployed successfully!
Account information saved to ./deployed_accounts.json
Total accounts in file: 7
Deployment of 7 accounts complete.