   Compiling madara-bootstrapper v0.1.0 (/Users/dexterhv/Work/gridy/chain/madara-bootstrapper)
    Finished `release` profile [optimized] target(s) in 10.41s
     Running `target/release/madara-bootstrapper --mode udc --config src/configs/devnet.json`
[31m
⠀⠀⠀⠀⠀⠀⠀⠀⠀⣀⣀⣤⣴⣶⣶⣶⣶⣦⣤⣀⣀⠀⠀⠀⠀⠀⠀⠀⠀⠀
⠀⠀⠀⠀⠀⠀⣠⣴⣾⣿⣿⣿⣿⣿⣿⣿⣿⣿⣿⣿⣿⣷⣦⣄⠀⠀⠀⠀⠀⠀
⠀⠀⠀⠀⣠⣾⣿⣿⣿⣿⣿⣿⣿⠏⠁⠀⢶⣿⣿⣿⣿⣿⣿⣿⣷⣄⠀⠀⠀⠀
⠀⠀⢀⣾⣿⣿⣿⣿⣿⣿⡿⠿⣿⠀⠀⠀⠀⣿⠿⢿⣿⣿⣿⣿⣿⣿⣷⡀⠀⠀
⠀⢠⣾⣿⣿⣿⣿⣿⡿⠋⣠⣴⣿⣷⣤⣤⣾⣿⣦⣄⠙⢿⣿⣿⣿⣿⣿⣷⡄⠀
⠀⣼⣿⣿⣿⣿⣿⡏⢀⣾⣿⣿⣿⣿⣿⣿⣿⣿⣿⣿⣷⡀⢹⣿⣿⣿⣿⣿⣧⠀
⢰⣿⣿⣿⣿⣿⡿⠀⣾⣿⣿⣿⣿⠟⠉⠉⠻⣿⣿⣿⣿⣷⠀⢿⣿⣿⣿⣿⣿⡆
⢸⣿⣿⣿⣿⣿⣇⣰⣿⣿⣿⣿⡇⠀⠀⠀⠀⢸⣿⣿⣿⣿⣆⣸⣿⣿⣿⣿⣿⡇
⠸⣿⣿⣿⡿⣿⠟⠋⠙⠻⣿⣿⣿⣦⣀⣀⣴⣿⣿⣿⣿⠛⠙⠻⣿⣿⣿⣿⣿⠇
⠀⢻⣿⣿⣧⠉⠀⠀⠀⠀⣿⣿⣿⣿⣿⣿⣿⣿⣿⣿⡇⠀⠀⠀⠈⣿⣿⣿⡟⠀
⠀⠘⢿⣿⣿⣷⣦⣤⣴⣾⠛⠻⢿⣿⣿⣿⣿⡿⠟⠋⣿⣦⣤⠀⣰⣿⣿⡿⠃⠀
⠀⠀⠈⢿⣿⣿⣿⣿⣿⣿⣷⣶⣤⣄⣈⣁⣠⣤⣶⣾⣿⣿⣷⣾⣿⣿⡿⠁⠀⠀
⠀⠀⠀⠀⠙⢿⣿⣿⣿⣿⣿⣿⣿⣿⣿⣿⣿⣿⣿⣿⣿⣿⣿⣿⡿⠋⠀⠀⠀⠀
⠀⠀⠀⠀⠀⠀⠙⠻⢿⣿⣿⣿⣿⣿⣿⣿⣿⣿⣿⣿⣿⡿⠟⠋⠀⠀⠀⠀⠀⠀
⠀⠀⠀⠀⠀⠀⠀⠀⠀⠉⠉⠛⠻⠿⠿⠿⠿⠟⠛⠉⠉⠀⠀⠀⠀⠀

    __  ___          __                                            
   /  |/  /___ _____/ /___ __________ _                            
  / /|_/ / __ `/ __  / __ `/ ___/ __ `/                            
 / /  / / /_/ / /_/ / /_/ / /  / /_/ /                             
/_/  /_/\__,_/\__,_/\__,_/_/   \__,_/                              
    ____              __       __                                  
   / __ )____  ____  / /______/ /__________ _____  ____  ___  _____
  / __  / __ \/ __ \/ __/ ___/ __/ ___/ __ `/ __ \/ __ \/ _ \/ ___/
 / /_/ / /_/ / /_/ / /_(__  ) /_/ /  / /_/ / /_/ / /_/ /  __/ /    
/_____/\____/\____/\__/____/\__/_/   \__,_/ .___/ .___/\___/_/     
                                         /_/   /_/                                                                                
[39m
[2025-03-18T10:05:19Z INFO  madara_bootstrapper] ⏳ L2 State and Initialisation Started
[2025-03-18T10:05:19Z DEBUG reqwest::connect] starting new connection: http://127.0.0.1:9944/
[2025-03-18T10:05:19Z DEBUG reqwest::connect] starting new connection: http://127.0.0.1:9943/
[2025-03-18T10:05:19Z INFO  madara_bootstrapper::contract_clients::utils] 🚧 Txn Sent Successfully : RpcResult { jsonrpc: "2.0", result: DeclareTransactionResult { transaction_hash: 0x25b4ebcd1479a3d2b101f0e92686e1cab93e99cd3ca2c59efc5b527b0dca684, class_hash: 0x5c478ee27f2112411f86f207605b2e2c58cdb647bac0df27f660ef2252359c6 }, id: 4 }
[2025-03-18T10:05:19Z INFO  madara_bootstrapper::setup_scripts::account_setup] OZ Account Class Hash Declared
[2025-03-18T10:05:29Z INFO  madara_bootstrapper::setup_scripts::account_setup] Waiting for block to be mined [/]
[2025-03-18T10:05:39Z DEBUG madara_bootstrapper::contract_clients::utils] signer : LocalWallet { private_key: SigningKey { secret_scalar: 0xbeef } }
[2025-03-18T10:05:39Z DEBUG madara_bootstrapper::contract_clients::utils] OZ Account Deploy Address: 0x1784a2304eca6850d837373c85431d1a05916bd1c866b2b5e651adf494b6fc4
[2025-03-18T10:05:39Z DEBUG madara_bootstrapper::contract_clients::utils] deploy account txn_hash : 0x6eabc6974ad57be38d49ad3a2aac8d0fc5c0a89975fc5c0b3114c211b3a881e
[2025-03-18T10:06:01Z DEBUG madara_bootstrapper::contract_clients::utils] signer : LocalWallet { private_key: SigningKey { secret_scalar: 0xabcd } }
[2025-03-18T10:06:01Z DEBUG madara_bootstrapper::contract_clients::utils] OZ Account Deploy Address: 0x4fe5eea46caa0a1f344fafce82b39d66b552f00d3cd12e89073ef4b4ab37860
[2025-03-18T10:06:01Z DEBUG madara_bootstrapper::contract_clients::utils] deploy account txn_hash : 0x1ed1001e6e91804e1d76ef0d784f40abd42b6d3ea82f5080c095893fec6d67e
[2025-03-18T10:06:01Z INFO  madara_bootstrapper] 🔐 Account with given  private key deployed on L2. [Account Address : 0x4fe5eea46caa0a1f344fafce82b39d66b552f00d3cd12e89073ef4b4ab37860]
[2025-03-18T10:06:01Z INFO  madara_bootstrapper] ⏳ Starting UDC (Universal Deployer Contract) deployment
[2025-03-18T10:06:01Z DEBUG reqwest::connect] starting new connection: http://127.0.0.1:9943/
[2025-03-18T10:06:01Z INFO  madara_bootstrapper::contract_clients::utils] 🚧 Txn Sent Successfully : RpcResult { jsonrpc: "2.0", result: DeclareTransactionResult { transaction_hash: 0x460be70633f04889fd374b07b0ff119907fcd96f9d405eb9cc34d0ece518e5c, class_hash: 0x7b3e05f48f0c69e4a65ce5e076a66271a527aff2c34ce1083ec6e1526997a69 }, id: 4 }
[2025-03-18T10:06:01Z INFO  madara_bootstrapper::setup_scripts::udc] 📣 UDC Class Hash Declared.
[2025-03-18T10:06:12Z INFO  madara_bootstrapper::setup_scripts::udc] 📣 udc_address : 0x41a78e741e5af2fec34b695679bc6891742439f7afb8484ecd7766661ad02bf
[2025-03-18T10:06:12Z INFO  madara_bootstrapper] *️⃣ UDC setup completed. [UDC Address : 0x41a78e741e5af2fec34b695679bc6891742439f7afb8484ecd7766661ad02bf, UDC class hash : 0x7b3e05f48f0c69e4a65ce5e076a66271a527aff2c34ce1083ec6e1526997a69]
[2025-03-18T10:06:12Z INFO  madara_bootstrapper] ✅ UDC (Universal Deployer Contract) deployment complete.
Bootstrap Output:
{
  "udc_setup_outputs": {
    "udc_class_hash": "0x7b3e05f48f0c69e4a65ce5e076a66271a527aff2c34ce1083ec6e1526997a69",
    "udc_address": "0x41a78e741e5af2fec34b695679bc6891742439f7afb8484ecd7766661ad02bf"
  }
}
