error: `cargo run` could not determine which binary to run. Use the `--bin` option to specify a binary, or the `default-run` manifest key.
available binaries: madara, orchestrator
error: `cargo run` could not determine which binary to run. Use the `--bin` option to specify a binary, or the `default-run` manifest key.
available binaries: madara, orchestrator
error: unexpected argument '--name' found

  tip: to pass '--name' as a value, use '-- --name'

Usage: cargo run --release --bin [<NAME>] [ARGS]...

For more information, try '--help'.
warning: patch for `starknet_api` uses the features mechanism. default-features and features will not take effect because the patch dependency does not support this mechanism
   Compiling mp-class v0.8.0 (/Users/dexterhv/Work/gridy/chain_2/madara/madara/crates/primitives/class)
   Compiling mp-chain-config v0.8.0 (/Users/dexterhv/Work/gridy/chain_2/madara/madara/crates/primitives/chain_config)
   Compiling mc-db v0.8.0 (/Users/dexterhv/Work/gridy/chain_2/madara/madara/crates/client/db)
   Compiling mc-analytics v0.8.0 (/Users/dexterhv/Work/gridy/chain_2/madara/madara/crates/client/analytics)
   Compiling madara v0.8.0 (/Users/dexterhv/Work/gridy/chain_2/madara/madara/crates/node)
warning: unused variable: `layer`
  --> madara/crates/client/analytics/src/lib.rs:53:13
   |
53 |         let layer = OpenTelemetryTracingBridge::new(&logger_provider);
   |             ^^^^^ help: if this is intentional, prefix it with an underscore: `_layer`
   |
   = note: `#[warn(unused_variables)]` on by default

warning: `mc-analytics` (lib) generated 1 warning
   Compiling mp-transactions v0.8.0 (/Users/dexterhv/Work/gridy/chain_2/madara/madara/crates/primitives/transactions)
   Compiling mp-receipt v0.8.0 (/Users/dexterhv/Work/gridy/chain_2/madara/madara/crates/primitives/receipt)
   Compiling mp-block v0.8.0 (/Users/dexterhv/Work/gridy/chain_2/madara/madara/crates/primitives/block)
   Compiling mc-block-import v0.8.0 (/Users/dexterhv/Work/gridy/chain_2/madara/madara/crates/client/block_import)
   Compiling mc-exec v0.8.0 (/Users/dexterhv/Work/gridy/chain_2/madara/madara/crates/client/exec)
   Compiling mc-mempool v0.8.0 (/Users/dexterhv/Work/gridy/chain_2/madara/madara/crates/client/mempool)
   Compiling mp-gateway v0.8.0 (/Users/dexterhv/Work/gridy/chain_2/madara/madara/crates/primitives/gateway)
   Compiling mc-devnet v0.8.0 (/Users/dexterhv/Work/gridy/chain_2/madara/madara/crates/client/devnet)
warning: unused import: `mc_exec::ExecutionContext`
  --> madara/crates/client/mempool/src/lib.rs:12:5
   |
12 | use mc_exec::ExecutionContext;
   |     ^^^^^^^^^^^^^^^^^^^^^^^^^
   |
   = note: `#[warn(unused_imports)]` on by default

warning: unused variable: `pending_block_info`
   --> madara/crates/client/mempool/src/lib.rs:145:13
    |
145 |         let pending_block_info = if let Some(block) = self.backend.get_block_info(&DbBlockId::Pending)? {
    |             ^^^^^^^^^^^^^^^^^^ help: if this is intentional, prefix it with an underscore: `_pending_block_info`
    |
    = note: `#[warn(unused_variables)]` on by default

warning: unused variable: `deploy_account_tx_hash`
   --> madara/crates/client/mempool/src/lib.rs:164:13
    |
164 |         let deploy_account_tx_hash = if let Transaction::AccountTransaction(AccountTransaction::Invoke(tx)) = &tx {
    |             ^^^^^^^^^^^^^^^^^^^^^^ help: if this is intentional, prefix it with an underscore: `_deploy_account_tx_hash`

   Compiling mc-settlement-client v0.8.0 (/Users/dexterhv/Work/gridy/chain_2/madara/madara/crates/client/settlement_client)
   Compiling mc-block-production v0.8.0 (/Users/dexterhv/Work/gridy/chain_2/madara/madara/crates/client/block_production)
   Compiling mc-gateway-client v0.8.0 (/Users/dexterhv/Work/gridy/chain_2/madara/madara/crates/client/gateway/client)
   Compiling mc-rpc v0.8.0 (/Users/dexterhv/Work/gridy/chain_2/madara/madara/crates/client/rpc)
warning: `mc-mempool` (lib) generated 3 warnings (run `cargo fix --lib -p mc-mempool` to apply 1 suggestion)
   Compiling mc-gateway-server v0.8.0 (/Users/dexterhv/Work/gridy/chain_2/madara/madara/crates/client/gateway/server)
   Compiling mc-sync v0.8.0 (/Users/dexterhv/Work/gridy/chain_2/madara/madara/crates/client/sync)
    Finished `release` profile [optimized] target(s) in 32.35s
     Running `target/release/madara --name madara --base-path ../madara-db-mainner --rpc-port 9944 --rpc-cors '*' --rpc-external --rpc-admin --sequencer --chain-config-path configs/presets/devnet.yaml --feeder-gateway-enable --gateway-enable --gateway-external --gateway-port 8080 --no-l1-sync --strk-gas-price 0 --strk-blob-gas-price 0 --gas-price 0 --blob-gas-price 0`
[2025-04-13 05:54:53:379] [INFO] ðŸ¥· Madara Node
[2025-04-13 05:54:53:379] [INFO] âœŒï¸  Version 0.8.0-d2b0ea703d9
[2025-04-13 05:54:53:379] [INFO] ðŸ’ Support URL: https://github.com/madara-alliance/madara/issues
[2025-04-13 05:54:53:379] [INFO] ðŸ· Node Name: madara
[2025-04-13 05:54:53:379] [INFO] ðŸ‘¤ Role: Sequencer
[2025-04-13 05:54:53:379] [INFO] ðŸŒ Network: Madara (chain id `MADARA_DEVNET`)
[2025-04-13 05:54:53:383] [INFO] ðŸ’» Operating system: MacOS 15.3.2 
[2025-04-13 05:54:53:383] [INFO] ðŸ’» CPU architecture: arm64
[2025-04-13 05:54:53:383] [INFO] ðŸ’» CPU: Apple M3 Pro
[2025-04-13 05:54:53:383] [INFO] ðŸ’» CPU cores: 11
[2025-04-13 05:54:53:383] [INFO] ðŸ’» Memory: 18432MB
[2025-04-13 05:54:53:383] [INFO] ðŸ’» Kernel: 24.3.0
[2025-04-13 05:54:53:383] [INFO] ðŸ’¾ Opening database at: ../madara-db-mainner
[2025-04-13 05:54:53:395] [INFO] ðŸ›°ï¸ Using feeder gateway URL: http://localhost:8080/feeder_gateway/
[2025-04-13 05:54:53:395] [INFO] â›ï¸  Starting block production at block #0
[2025-04-13 05:54:53:395] [INFO] ðŸŒ Gateway endpoint started at 0.0.0.0:8080
[2025-04-13 05:54:53:396] [INFO] ðŸ“± Running JSON-RPC (Admin) server at 127.0.0.1:9943 (allowed origins=["*"])
[2025-04-13 05:54:53:396] [INFO] ðŸ“± Running JSON-RPC server at 0.0.0.0:9944 (allowed origins=["*"])
[2025-04-13 05:54:54:406] [INFO] >>> Time taken to run store_block: 6
[2025-04-13 05:54:54:406] [INFO] >>> Time taken to get game_metadata : 0
[2025-04-13 05:54:54:406] [INFO] >>> Time taken to get bot_addresses : 0
[2025-04-13 05:54:54:406] [INFO] >>> game total diamonds 1000
[2025-04-13 05:54:54:406] [INFO] >>> game current diamonds mined 0
[2025-04-13 05:54:54:406] [INFO] >>> bot addresses length || TPS 0
[2025-04-13 05:54:54:406] [INFO] >>> current active bots length 0
[2025-04-13 05:54:54:406] [INFO] >>> No bots to execute transactions
warning: patch for `starknet_api` uses the features mechanism. default-features and features will not take effect because the patch dependency does not support this mechanism
   Compiling mc-db v0.8.0 (/Users/dexterhv/Work/gridy/chain_2/madara/madara/crates/client/db)
warning: unused variable: `layer`
  --> madara/crates/client/analytics/src/lib.rs:53:13
   |
53 |         let layer = OpenTelemetryTracingBridge::new(&logger_provider);
   |             ^^^^^ help: if this is intentional, prefix it with an underscore: `_layer`
   |
   = note: `#[warn(unused_variables)]` on by default

warning: `mc-analytics` (lib) generated 1 warning
   Compiling mc-block-import v0.8.0 (/Users/dexterhv/Work/gridy/chain_2/madara/madara/crates/client/block_import)
   Compiling mc-exec v0.8.0 (/Users/dexterhv/Work/gridy/chain_2/madara/madara/crates/client/exec)
   Compiling mc-mempool v0.8.0 (/Users/dexterhv/Work/gridy/chain_2/madara/madara/crates/client/mempool)
   Compiling mp-gateway v0.8.0 (/Users/dexterhv/Work/gridy/chain_2/madara/madara/crates/primitives/gateway)
   Compiling mc-devnet v0.8.0 (/Users/dexterhv/Work/gridy/chain_2/madara/madara/crates/client/devnet)
warning: unused import: `mc_exec::ExecutionContext`
  --> madara/crates/client/mempool/src/lib.rs:12:5
   |
12 | use mc_exec::ExecutionContext;
   |     ^^^^^^^^^^^^^^^^^^^^^^^^^
   |
   = note: `#[warn(unused_imports)]` on by default

warning: unused variable: `pending_block_info`
   --> madara/crates/client/mempool/src/lib.rs:145:13
    |
145 |         let pending_block_info = if let Some(block) = self.backend.get_block_info(&DbBlockId::Pending)? {
    |             ^^^^^^^^^^^^^^^^^^ help: if this is intentional, prefix it with an underscore: `_pending_block_info`
    |
    = note: `#[warn(unused_variables)]` on by default

warning: unused variable: `deploy_account_tx_hash`
   --> madara/crates/client/mempool/src/lib.rs:164:13
    |
164 |         let deploy_account_tx_hash = if let Transaction::AccountTransaction(AccountTransaction::Invoke(tx)) = &tx {
    |             ^^^^^^^^^^^^^^^^^^^^^^ help: if this is intentional, prefix it with an underscore: `_deploy_account_tx_hash`

   Compiling mc-settlement-client v0.8.0 (/Users/dexterhv/Work/gridy/chain_2/madara/madara/crates/client/settlement_client)
   Compiling mc-block-production v0.8.0 (/Users/dexterhv/Work/gridy/chain_2/madara/madara/crates/client/block_production)
   Compiling mc-gateway-client v0.8.0 (/Users/dexterhv/Work/gridy/chain_2/madara/madara/crates/client/gateway/client)
   Compiling mc-rpc v0.8.0 (/Users/dexterhv/Work/gridy/chain_2/madara/madara/crates/client/rpc)
warning: `mc-mempool` (lib) generated 3 warnings (run `cargo fix --lib -p mc-mempool` to apply 1 suggestion)
   Compiling mc-gateway-server v0.8.0 (/Users/dexterhv/Work/gridy/chain_2/madara/madara/crates/client/gateway/server)
   Compiling mc-sync v0.8.0 (/Users/dexterhv/Work/gridy/chain_2/madara/madara/crates/client/sync)
   Compiling madara v0.8.0 (/Users/dexterhv/Work/gridy/chain_2/madara/madara/crates/node)
    Finished `release` profile [optimized] target(s) in 33.48s
     Running `target/release/madara --name madara --base-path ../madara-db-mainner --rpc-port 9944 --rpc-cors '*' --rpc-external --rpc-admin --sequencer --chain-config-path configs/presets/devnet.yaml --feeder-gateway-enable --gateway-enable --gateway-external --gateway-port 8080 --no-l1-sync --strk-gas-price 0 --strk-blob-gas-price 0 --gas-price 0 --blob-gas-price 0`
[2025-04-13 05:59:22:071] [INFO] ðŸ¥· Madara Node
[2025-04-13 05:59:22:071] [INFO] âœŒï¸  Version 0.8.0-d2b0ea703d9
[2025-04-13 05:59:22:071] [INFO] ðŸ’ Support URL: https://github.com/madara-alliance/madara/issues
[2025-04-13 05:59:22:071] [INFO] ðŸ· Node Name: madara
[2025-04-13 05:59:22:071] [INFO] ðŸ‘¤ Role: Sequencer
[2025-04-13 05:59:22:071] [INFO] ðŸŒ Network: Madara (chain id `MADARA_DEVNET`)
[2025-04-13 05:59:22:075] [INFO] ðŸ’» Operating system: MacOS 15.3.2 
[2025-04-13 05:59:22:075] [INFO] ðŸ’» CPU architecture: arm64
[2025-04-13 05:59:22:075] [INFO] ðŸ’» CPU: Apple M3 Pro
[2025-04-13 05:59:22:075] [INFO] ðŸ’» CPU cores: 11
[2025-04-13 05:59:22:075] [INFO] ðŸ’» Memory: 18432MB
[2025-04-13 05:59:22:075] [INFO] ðŸ’» Kernel: 24.3.0
[2025-04-13 05:59:22:075] [INFO] ðŸ’¾ Opening database at: ../madara-db-mainner
[2025-04-13 05:59:22:092] [INFO] ðŸ›°ï¸ Using feeder gateway URL: http://localhost:8080/feeder_gateway/
[2025-04-13 05:59:22:095] [INFO] â›ï¸  Closed block #0 with 0 transactions - 2.826833ms
[2025-04-13 05:59:22:096] [INFO] â›ï¸  Starting block production at block #1
[2025-04-13 05:59:22:096] [INFO] ðŸŒ Gateway endpoint started at 0.0.0.0:8080
[2025-04-13 05:59:22:096] [INFO] ðŸ“± Running JSON-RPC (Admin) server at 127.0.0.1:9943 (allowed origins=["*"])
[2025-04-13 05:59:22:096] [INFO] ðŸ“± Running JSON-RPC server at 0.0.0.0:9944 (allowed origins=["*"])
[2025-04-13 05:59:23:105] [INFO] >>> Time taken to run store_block: 5
[2025-04-13 05:59:23:105] [INFO] >>> Time taken to get game_metadata : 0
[2025-04-13 05:59:23:105] [INFO] >>> Time taken to get bot_addresses : 0
[2025-04-13 05:59:23:105] [INFO] >>> game total diamonds 1000
[2025-04-13 05:59:23:105] [INFO] >>> game current diamonds mined 0
[2025-04-13 05:59:23:105] [INFO] >>> bot addresses length || TPS 0
[2025-04-13 05:59:23:105] [INFO] >>> current active bots length 0
[2025-04-13 05:59:23:105] [INFO] >>> No bots to execute transactions
[2025-04-13 05:59:24:098] [INFO] >>> Time taken to run store_block: 1
[2025-04-13 05:59:24:098] [INFO] >>> Time taken to get game_metadata : 0
[2025-04-13 05:59:24:098] [INFO] >>> Time taken to get bot_addresses : 0
[2025-04-13 05:59:24:098] [INFO] >>> game total diamonds 1000
[2025-04-13 05:59:24:098] [INFO] >>> game current diamonds mined 0
[2025-04-13 05:59:24:098] [INFO] >>> bot addresses length || TPS 0
[2025-04-13 05:59:24:098] [INFO] >>> current active bots length 0
[2025-04-13 05:59:24:098] [INFO] >>> No bots to execute transactions
[2025-04-13 05:59:24:748] [INFO] [ HTTP ] starknet_V0_8_0_getClass 28 77 bytes - 309 ms
[2025-04-13 05:59:24:781] [INFO] [ HTTP ] madara_V0_1_0_addDeclareV0Transaction 200 203 bytes - 31104 ms
[2025-04-13 05:59:25:099] [INFO] ðŸ§® Executed and added 1 transaction(s) to the pending block at height 1 - 631.541Âµs
[2025-04-13 05:59:25:101] [INFO] >>> Time taken to run store_block: 2
[2025-04-13 05:59:25:101] [INFO] >>> Time taken to get game_metadata : 0
[2025-04-13 05:59:25:101] [INFO] >>> Time taken to get bot_addresses : 0
[2025-04-13 05:59:25:101] [INFO] >>> game total diamonds 1000
[2025-04-13 05:59:25:101] [INFO] >>> game current diamonds mined 0
[2025-04-13 05:59:25:101] [INFO] >>> bot addresses length || TPS 0
[2025-04-13 05:59:25:101] [INFO] >>> current active bots length 0
[2025-04-13 05:59:25:101] [INFO] >>> No bots to execute transactions
[2025-04-13 05:59:26:099] [INFO] >>> Time taken to run store_block: 2
[2025-04-13 05:59:26:099] [INFO] >>> Time taken to get game_metadata : 0
[2025-04-13 05:59:26:099] [INFO] >>> Time taken to get bot_addresses : 0
[2025-04-13 05:59:26:099] [INFO] >>> game total diamonds 1000
[2025-04-13 05:59:26:099] [INFO] >>> game current diamonds mined 0
[2025-04-13 05:59:26:099] [INFO] >>> bot addresses length || TPS 0
[2025-04-13 05:59:26:099] [INFO] >>> current active bots length 0
[2025-04-13 05:59:26:099] [INFO] >>> No bots to execute transactions
[2025-04-13 05:59:27:101] [INFO] >>> Time taken to run store_block: 2
[2025-04-13 05:59:27:101] [INFO] >>> Time taken to get game_metadata : 0
[2025-04-13 05:59:27:101] [INFO] >>> Time taken to get bot_addresses : 0
[2025-04-13 05:59:27:101] [INFO] >>> game total diamonds 1000
[2025-04-13 05:59:27:101] [INFO] >>> game current diamonds mined 0
[2025-04-13 05:59:27:101] [INFO] >>> bot addresses length || TPS 0
[2025-04-13 05:59:27:101] [INFO] >>> current active bots length 0
[2025-04-13 05:59:27:101] [INFO] >>> No bots to execute transactions
[2025-04-13 05:59:28:105] [INFO] >>> Time taken to run store_block: 7
[2025-04-13 05:59:28:106] [INFO] >>> Time taken to get game_metadata : 0
[2025-04-13 05:59:28:106] [INFO] >>> Time taken to get bot_addresses : 0
[2025-04-13 05:59:28:106] [INFO] >>> game total diamonds 1000
[2025-04-13 05:59:28:106] [INFO] >>> game current diamonds mined 0
[2025-04-13 05:59:28:106] [INFO] >>> bot addresses length || TPS 0
[2025-04-13 05:59:28:106] [INFO] >>> current active bots length 0
[2025-04-13 05:59:28:106] [INFO] >>> No bots to execute transactions
[2025-04-13 05:59:29:100] [INFO] >>> Time taken to run store_block: 2
[2025-04-13 05:59:29:100] [INFO] >>> Time taken to get game_metadata : 0
[2025-04-13 05:59:29:100] [INFO] >>> Time taken to get bot_addresses : 0
[2025-04-13 05:59:29:100] [INFO] >>> game total diamonds 1000
[2025-04-13 05:59:29:100] [INFO] >>> game current diamonds mined 0
[2025-04-13 05:59:29:100] [INFO] >>> bot addresses length || TPS 0
[2025-04-13 05:59:29:100] [INFO] >>> current active bots length 0
[2025-04-13 05:59:29:100] [INFO] >>> No bots to execute transactions
[2025-04-13 05:59:30:100] [INFO] >>> Time taken to run store_block: 2
[2025-04-13 05:59:30:100] [INFO] >>> Time taken to get game_metadata : 0
[2025-04-13 05:59:30:100] [INFO] >>> Time taken to get bot_addresses : 0
[2025-04-13 05:59:30:100] [INFO] >>> game total diamonds 1000
[2025-04-13 05:59:30:100] [INFO] >>> game current diamonds mined 0
[2025-04-13 05:59:30:100] [INFO] >>> bot addresses length || TPS 0
[2025-04-13 05:59:30:100] [INFO] >>> current active bots length 0
[2025-04-13 05:59:30:100] [INFO] >>> No bots to execute transactions
[2025-04-13 05:59:31:099] [INFO] >>> Time taken to run store_block: 1
[2025-04-13 05:59:31:099] [INFO] >>> Time taken to get game_metadata : 0
[2025-04-13 05:59:31:099] [INFO] >>> Time taken to get bot_addresses : 0
[2025-04-13 05:59:31:099] [INFO] >>> game total diamonds 1000
[2025-04-13 05:59:31:099] [INFO] >>> game current diamonds mined 0
[2025-04-13 05:59:31:099] [INFO] >>> bot addresses length || TPS 0
[2025-04-13 05:59:31:099] [INFO] >>> current active bots length 0
[2025-04-13 05:59:31:099] [INFO] >>> No bots to execute transactions
[2025-04-13 05:59:32:100] [INFO] >>> Time taken to run store_block: 2
[2025-04-13 05:59:32:100] [INFO] >>> Time taken to get game_metadata : 0
[2025-04-13 05:59:32:100] [INFO] >>> Time taken to get bot_addresses : 0
[2025-04-13 05:59:32:100] [INFO] >>> game total diamonds 1000
[2025-04-13 05:59:32:100] [INFO] >>> game current diamonds mined 0
[2025-04-13 05:59:32:100] [INFO] >>> bot addresses length || TPS 0
[2025-04-13 05:59:32:100] [INFO] >>> current active bots length 0
[2025-04-13 05:59:32:100] [INFO] >>> No bots to execute transactions
[2025-04-13 05:59:33:101] [INFO] >>> Time taken to run store_block: 2
[2025-04-13 05:59:33:101] [INFO] >>> Time taken to get game_metadata : 0
[2025-04-13 05:59:33:101] [INFO] >>> Time taken to get bot_addresses : 0
[2025-04-13 05:59:33:101] [INFO] >>> game total diamonds 1000
[2025-04-13 05:59:33:101] [INFO] >>> game current diamonds mined 0
[2025-04-13 05:59:33:101] [INFO] >>> bot addresses length || TPS 0
[2025-04-13 05:59:33:101] [INFO] >>> current active bots length 0
[2025-04-13 05:59:33:101] [INFO] >>> No bots to execute transactions
[2025-04-13 05:59:34:103] [INFO] >>> Time taken to run store_block: 4
[2025-04-13 05:59:34:103] [INFO] >>> Time taken to get game_metadata : 0
[2025-04-13 05:59:34:103] [INFO] >>> Time taken to get bot_addresses : 0
[2025-04-13 05:59:34:103] [INFO] >>> game total diamonds 1000
[2025-04-13 05:59:34:103] [INFO] >>> game current diamonds mined 0
[2025-04-13 05:59:34:103] [INFO] >>> bot addresses length || TPS 0
[2025-04-13 05:59:34:103] [INFO] >>> current active bots length 0
[2025-04-13 05:59:34:103] [INFO] >>> No bots to execute transactions
[2025-04-13 05:59:35:103] [INFO] >>> Time taken to run store_block: 4
[2025-04-13 05:59:35:103] [INFO] >>> Time taken to get game_metadata : 0
[2025-04-13 05:59:35:103] [INFO] >>> Time taken to get bot_addresses : 0
[2025-04-13 05:59:35:103] [INFO] >>> game total diamonds 1000
[2025-04-13 05:59:35:103] [INFO] >>> game current diamonds mined 0
[2025-04-13 05:59:35:103] [INFO] >>> bot addresses length || TPS 0
[2025-04-13 05:59:35:103] [INFO] >>> current active bots length 0
[2025-04-13 05:59:35:103] [INFO] >>> No bots to execute transactions
[2025-04-13 05:59:36:101] [INFO] >>> Time taken to run store_block: 2
[2025-04-13 05:59:36:101] [INFO] >>> Time taken to get game_metadata : 0
[2025-04-13 05:59:36:101] [INFO] >>> Time taken to get bot_addresses : 0
[2025-04-13 05:59:36:101] [INFO] >>> game total diamonds 1000
[2025-04-13 05:59:36:101] [INFO] >>> game current diamonds mined 0
[2025-04-13 05:59:36:101] [INFO] >>> bot addresses length || TPS 0
[2025-04-13 05:59:36:101] [INFO] >>> current active bots length 0
[2025-04-13 05:59:36:101] [INFO] >>> No bots to execute transactions
[2025-04-13 05:59:37:102] [INFO] >>> Time taken to run store_block: 3
[2025-04-13 05:59:37:102] [INFO] >>> Time taken to get game_metadata : 0
[2025-04-13 05:59:37:102] [INFO] >>> Time taken to get bot_addresses : 0
[2025-04-13 05:59:37:102] [INFO] >>> game total diamonds 1000
[2025-04-13 05:59:37:102] [INFO] >>> game current diamonds mined 0
[2025-04-13 05:59:37:102] [INFO] >>> bot addresses length || TPS 0
[2025-04-13 05:59:37:102] [INFO] >>> current active bots length 0
[2025-04-13 05:59:37:102] [INFO] >>> No bots to execute transactions
[2025-04-13 05:59:38:104] [INFO] >>> Time taken to run store_block: 5
[2025-04-13 05:59:38:104] [INFO] >>> Time taken to get game_metadata : 0
[2025-04-13 05:59:38:104] [INFO] >>> Time taken to get bot_addresses : 0
[2025-04-13 05:59:38:104] [INFO] >>> game total diamonds 1000
[2025-04-13 05:59:38:104] [INFO] >>> game current diamonds mined 0
[2025-04-13 05:59:38:104] [INFO] >>> bot addresses length || TPS 0
[2025-04-13 05:59:38:104] [INFO] >>> current active bots length 0
[2025-04-13 05:59:38:104] [INFO] >>> No bots to execute transactions
[2025-04-13 05:59:39:100] [INFO] >>> Time taken to run store_block: 1
[2025-04-13 05:59:39:100] [INFO] >>> Time taken to get game_metadata : 0
[2025-04-13 05:59:39:100] [INFO] >>> Time taken to get bot_addresses : 0
[2025-04-13 05:59:39:100] [INFO] >>> game total diamonds 1000
[2025-04-13 05:59:39:100] [INFO] >>> game current diamonds mined 0
[2025-04-13 05:59:39:100] [INFO] >>> bot addresses length || TPS 0
[2025-04-13 05:59:39:100] [INFO] >>> current active bots length 0
[2025-04-13 05:59:39:100] [INFO] >>> No bots to execute transactions
[2025-04-13 05:59:40:101] [INFO] >>> Time taken to run store_block: 2
[2025-04-13 05:59:40:101] [INFO] >>> Time taken to get game_metadata : 0
[2025-04-13 05:59:40:101] [INFO] >>> Time taken to get bot_addresses : 0
[2025-04-13 05:59:40:101] [INFO] >>> game total diamonds 1000
[2025-04-13 05:59:40:101] [INFO] >>> game current diamonds mined 0
[2025-04-13 05:59:40:101] [INFO] >>> bot addresses length || TPS 0
[2025-04-13 05:59:40:101] [INFO] >>> current active bots length 0
[2025-04-13 05:59:40:101] [INFO] >>> No bots to execute transactions
[2025-04-13 05:59:41:102] [INFO] >>> Time taken to run store_block: 3
[2025-04-13 05:59:41:102] [INFO] >>> Time taken to get game_metadata : 0
[2025-04-13 05:59:41:102] [INFO] >>> Time taken to get bot_addresses : 0
[2025-04-13 05:59:41:102] [INFO] >>> game total diamonds 1000
[2025-04-13 05:59:41:102] [INFO] >>> game current diamonds mined 0
[2025-04-13 05:59:41:102] [INFO] >>> bot addresses length || TPS 0
[2025-04-13 05:59:41:102] [INFO] >>> current active bots length 0
[2025-04-13 05:59:41:102] [INFO] >>> No bots to execute transactions
[2025-04-13 05:59:42:109] [INFO] â›ï¸  Closed block #1 with 1 transactions - 11.253875ms
[2025-04-13 05:59:44:106] [INFO] >>> Time taken to run store_block: 6
[2025-04-13 05:59:44:106] [INFO] >>> Time taken to get game_metadata : 0
[2025-04-13 05:59:44:106] [INFO] >>> Time taken to get bot_addresses : 0
[2025-04-13 05:59:44:106] [INFO] >>> game total diamonds 1000
[2025-04-13 05:59:44:106] [INFO] >>> game current diamonds mined 0
[2025-04-13 05:59:44:106] [INFO] >>> bot addresses length || TPS 0
[2025-04-13 05:59:44:106] [INFO] >>> current active bots length 0
[2025-04-13 05:59:44:106] [INFO] >>> No bots to execute transactions
[2025-04-13 05:59:44:788] [INFO] [ HTTP ] starknet_V0_8_0_chainId 200 64 bytes - 137 ms
[2025-04-13 05:59:44:791] [INFO] [ HTTP ] starknet_V0_8_0_getClassAt 20 75 bytes - 243 ms
[2025-04-13 05:59:44:792] [INFO] [ HTTP ] starknet_V0_8_0_getNonce 20 75 bytes - 166 ms
[2025-04-13 05:59:44:797] [INFO] [ HTTP ] starknet_V0_8_0_addDeployAccountTransaction 200 209 bytes - 2151 ms
[2025-04-13 05:59:44:797] [INFO] [ HTTP ] starknet_V0_8_0_getTransactionReceipt 29 83 bytes - 81 ms
[2025-04-13 05:59:45:115] [INFO] ðŸ§® Executed and added 1 transaction(s) to the pending block at height 2 - 16.493542ms
[2025-04-13 05:59:45:120] [INFO] >>> Time taken to run store_block: 4
[2025-04-13 05:59:45:120] [INFO] >>> Time taken to get game_metadata : 0
[2025-04-13 05:59:45:120] [INFO] >>> Time taken to get bot_addresses : 0
[2025-04-13 05:59:45:120] [INFO] >>> game total diamonds 1000
[2025-04-13 05:59:45:120] [INFO] >>> game current diamonds mined 0
[2025-04-13 05:59:45:120] [INFO] >>> bot addresses length || TPS 0
[2025-04-13 05:59:45:120] [INFO] >>> current active bots length 0
[2025-04-13 05:59:45:120] [INFO] >>> No bots to execute transactions
[2025-04-13 05:59:45:301] [INFO] [ HTTP ] starknet_V0_8_0_getTransactionReceipt 200 536 bytes - 368 ms
[2025-04-13 05:59:45:302] [INFO] [ HTTP ] starknet_V0_8_0_getTransactionReceipt 200 536 bytes - 61 ms
[2025-04-13 05:59:46:105] [INFO] >>> Time taken to run store_block: 6
[2025-04-13 05:59:46:105] [INFO] >>> Time taken to get game_metadata : 0
[2025-04-13 05:59:46:105] [INFO] >>> Time taken to get bot_addresses : 0
[2025-04-13 05:59:46:105] [INFO] >>> game total diamonds 1000
[2025-04-13 05:59:46:105] [INFO] >>> game current diamonds mined 0
[2025-04-13 05:59:46:105] [INFO] >>> bot addresses length || TPS 0
[2025-04-13 05:59:46:105] [INFO] >>> current active bots length 0
[2025-04-13 05:59:46:105] [INFO] >>> No bots to execute transactions
[2025-04-13 05:59:47:105] [INFO] >>> Time taken to run store_block: 6
[2025-04-13 05:59:47:105] [INFO] >>> Time taken to get game_metadata : 0
[2025-04-13 05:59:47:105] [INFO] >>> Time taken to get bot_addresses : 0
[2025-04-13 05:59:47:105] [INFO] >>> game total diamonds 1000
[2025-04-13 05:59:47:105] [INFO] >>> game current diamonds mined 0
[2025-04-13 05:59:47:105] [INFO] >>> bot addresses length || TPS 0
[2025-04-13 05:59:47:105] [INFO] >>> current active bots length 0
[2025-04-13 05:59:47:105] [INFO] >>> No bots to execute transactions
[2025-04-13 05:59:48:100] [INFO] >>> Time taken to run store_block: 1
[2025-04-13 05:59:48:100] [INFO] >>> Time taken to get game_metadata : 0
[2025-04-13 05:59:48:100] [INFO] >>> Time taken to get bot_addresses : 0
[2025-04-13 05:59:48:100] [INFO] >>> game total diamonds 1000
[2025-04-13 05:59:48:100] [INFO] >>> game current diamonds mined 0
[2025-04-13 05:59:48:100] [INFO] >>> bot addresses length || TPS 0
[2025-04-13 05:59:48:100] [INFO] >>> current active bots length 0
[2025-04-13 05:59:48:100] [INFO] >>> No bots to execute transactions
[2025-04-13 05:59:49:104] [INFO] >>> Time taken to run store_block: 5
[2025-04-13 05:59:49:104] [INFO] >>> Time taken to get game_metadata : 0
[2025-04-13 05:59:49:104] [INFO] >>> Time taken to get bot_addresses : 0
[2025-04-13 05:59:49:104] [INFO] >>> game total diamonds 1000
[2025-04-13 05:59:49:104] [INFO] >>> game current diamonds mined 0
[2025-04-13 05:59:49:104] [INFO] >>> bot addresses length || TPS 0
[2025-04-13 05:59:49:104] [INFO] >>> current active bots length 0
[2025-04-13 05:59:49:104] [INFO] >>> No bots to execute transactions
[2025-04-13 05:59:50:106] [INFO] >>> Time taken to run store_block: 6
[2025-04-13 05:59:50:107] [INFO] >>> Time taken to get game_metadata : 0
[2025-04-13 05:59:50:107] [INFO] >>> Time taken to get bot_addresses : 0
[2025-04-13 05:59:50:107] [INFO] >>> game total diamonds 1000
[2025-04-13 05:59:50:107] [INFO] >>> game current diamonds mined 0
[2025-04-13 05:59:50:107] [INFO] >>> bot addresses length || TPS 0
[2025-04-13 05:59:50:107] [INFO] >>> current active bots length 0
[2025-04-13 05:59:50:107] [INFO] >>> No bots to execute transactions
[2025-04-13 05:59:51:104] [INFO] >>> Time taken to run store_block: 5
[2025-04-13 05:59:51:104] [INFO] >>> Time taken to get game_metadata : 0
[2025-04-13 05:59:51:104] [INFO] >>> Time taken to get bot_addresses : 0
[2025-04-13 05:59:51:104] [INFO] >>> game total diamonds 1000
[2025-04-13 05:59:51:104] [INFO] >>> game current diamonds mined 0
[2025-04-13 05:59:51:104] [INFO] >>> bot addresses length || TPS 0
[2025-04-13 05:59:51:104] [INFO] >>> current active bots length 0
[2025-04-13 05:59:51:104] [INFO] >>> No bots to execute transactions
[2025-04-13 05:59:52:105] [INFO] >>> Time taken to run store_block: 6
[2025-04-13 05:59:52:105] [INFO] >>> Time taken to get game_metadata : 0
[2025-04-13 05:59:52:105] [INFO] >>> Time taken to get bot_addresses : 0
[2025-04-13 05:59:52:105] [INFO] >>> game total diamonds 1000
[2025-04-13 05:59:52:105] [INFO] >>> game current diamonds mined 0
[2025-04-13 05:59:52:105] [INFO] >>> bot addresses length || TPS 0
[2025-04-13 05:59:52:105] [INFO] >>> current active bots length 0
[2025-04-13 05:59:52:105] [INFO] >>> No bots to execute transactions
[2025-04-13 05:59:53:104] [INFO] >>> Time taken to run store_block: 5
[2025-04-13 05:59:53:104] [INFO] >>> Time taken to get game_metadata : 0
[2025-04-13 05:59:53:104] [INFO] >>> Time taken to get bot_addresses : 0
[2025-04-13 05:59:53:104] [INFO] >>> game total diamonds 1000
[2025-04-13 05:59:53:104] [INFO] >>> game current diamonds mined 0
[2025-04-13 05:59:53:104] [INFO] >>> bot addresses length || TPS 0
[2025-04-13 05:59:53:104] [INFO] >>> current active bots length 0
[2025-04-13 05:59:53:104] [INFO] >>> No bots to execute transactions
[2025-04-13 05:59:54:105] [INFO] >>> Time taken to run store_block: 6
[2025-04-13 05:59:54:105] [INFO] >>> Time taken to get game_metadata : 0
[2025-04-13 05:59:54:105] [INFO] >>> Time taken to get bot_addresses : 0
[2025-04-13 05:59:54:105] [INFO] >>> game total diamonds 1000
[2025-04-13 05:59:54:105] [INFO] >>> game current diamonds mined 0
[2025-04-13 05:59:54:105] [INFO] >>> bot addresses length || TPS 0
[2025-04-13 05:59:54:105] [INFO] >>> current active bots length 0
[2025-04-13 05:59:54:105] [INFO] >>> No bots to execute transactions
[2025-04-13 05:59:55:105] [INFO] >>> Time taken to run store_block: 6
[2025-04-13 05:59:55:105] [INFO] >>> Time taken to get game_metadata : 0
[2025-04-13 05:59:55:105] [INFO] >>> Time taken to get bot_addresses : 0
[2025-04-13 05:59:55:105] [INFO] >>> game total diamonds 1000
[2025-04-13 05:59:55:105] [INFO] >>> game current diamonds mined 0
[2025-04-13 05:59:55:105] [INFO] >>> bot addresses length || TPS 0
[2025-04-13 05:59:55:105] [INFO] >>> current active bots length 0
[2025-04-13 05:59:55:105] [INFO] >>> No bots to execute transactions
[2025-04-13 05:59:55:305] [INFO] [ HTTP ] starknet_V0_8_0_chainId 200 64 bytes - 14 ms
[2025-04-13 05:59:55:509] [INFO] [ HTTP ] starknet_V0_8_0_getClass 28 77 bytes - 36 ms
[2025-04-13 05:59:55:509] [INFO] [ HTTP ] starknet_V0_8_0_getNonce 200 39 bytes - 70 ms
[2025-04-13 05:59:55:510] [INFO] [ HTTP ] starknet_V0_8_0_getBlockWithTxHashes 200 428 bytes - 12 ms
[2025-04-13 05:59:55:659] [INFO] [ HTTP ] starknet_V0_8_0_addDeclareTransaction 200 203 bytes - 138495 ms
[2025-04-13 05:59:56:101] [INFO] ðŸ§® Executed and added 1 transaction(s) to the pending block at height 2 - 2.72ms
[2025-04-13 05:59:56:108] [INFO] >>> Time taken to run store_block: 6
[2025-04-13 05:59:56:108] [INFO] >>> Time taken to get game_metadata : 0
[2025-04-13 05:59:56:108] [INFO] >>> Time taken to get bot_addresses : 0
[2025-04-13 05:59:56:108] [INFO] >>> game total diamonds 1000
[2025-04-13 05:59:56:108] [INFO] >>> game current diamonds mined 0
[2025-04-13 05:59:56:109] [INFO] >>> bot addresses length || TPS 0
[2025-04-13 05:59:56:109] [INFO] >>> current active bots length 0
[2025-04-13 05:59:56:109] [INFO] >>> No bots to execute transactions
[2025-04-13 05:59:57:106] [INFO] >>> Time taken to run store_block: 7
[2025-04-13 05:59:57:106] [INFO] >>> Time taken to get game_metadata : 0
[2025-04-13 05:59:57:106] [INFO] >>> Time taken to get bot_addresses : 0
[2025-04-13 05:59:57:106] [INFO] >>> game total diamonds 1000
[2025-04-13 05:59:57:106] [INFO] >>> game current diamonds mined 0
[2025-04-13 05:59:57:106] [INFO] >>> bot addresses length || TPS 0
[2025-04-13 05:59:57:106] [INFO] >>> current active bots length 0
[2025-04-13 05:59:57:106] [INFO] >>> No bots to execute transactions
[2025-04-13 05:59:58:105] [INFO] >>> Time taken to run store_block: 5
[2025-04-13 05:59:58:105] [INFO] >>> Time taken to get game_metadata : 0
[2025-04-13 05:59:58:105] [INFO] >>> Time taken to get bot_addresses : 0
[2025-04-13 05:59:58:105] [INFO] >>> game total diamonds 1000
[2025-04-13 05:59:58:105] [INFO] >>> game current diamonds mined 0
[2025-04-13 05:59:58:105] [INFO] >>> bot addresses length || TPS 0
[2025-04-13 05:59:58:105] [INFO] >>> current active bots length 0
[2025-04-13 05:59:58:105] [INFO] >>> No bots to execute transactions
[2025-04-13 05:59:59:104] [INFO] >>> Time taken to run store_block: 5
[2025-04-13 05:59:59:104] [INFO] >>> Time taken to get game_metadata : 0
[2025-04-13 05:59:59:104] [INFO] >>> Time taken to get bot_addresses : 0
[2025-04-13 05:59:59:104] [INFO] >>> game total diamonds 1000
[2025-04-13 05:59:59:104] [INFO] >>> game current diamonds mined 0
[2025-04-13 05:59:59:104] [INFO] >>> bot addresses length || TPS 0
[2025-04-13 05:59:59:104] [INFO] >>> current active bots length 0
[2025-04-13 05:59:59:104] [INFO] >>> No bots to execute transactions
[2025-04-13 06:00:00:107] [INFO] >>> Time taken to run store_block: 8
[2025-04-13 06:00:00:107] [INFO] >>> Time taken to get game_metadata : 0
[2025-04-13 06:00:00:107] [INFO] >>> Time taken to get bot_addresses : 0
[2025-04-13 06:00:00:107] [INFO] >>> game total diamonds 1000
[2025-04-13 06:00:00:107] [INFO] >>> game current diamonds mined 0
[2025-04-13 06:00:00:107] [INFO] >>> bot addresses length || TPS 0
[2025-04-13 06:00:00:107] [INFO] >>> current active bots length 0
[2025-04-13 06:00:00:107] [INFO] >>> No bots to execute transactions
[2025-04-13 06:00:01:105] [INFO] >>> Time taken to run store_block: 6
[2025-04-13 06:00:01:105] [INFO] >>> Time taken to get game_metadata : 0
[2025-04-13 06:00:01:105] [INFO] >>> Time taken to get bot_addresses : 0
[2025-04-13 06:00:01:105] [INFO] >>> game total diamonds 1000
[2025-04-13 06:00:01:105] [INFO] >>> game current diamonds mined 0
[2025-04-13 06:00:01:105] [INFO] >>> bot addresses length || TPS 0
[2025-04-13 06:00:01:105] [INFO] >>> current active bots length 0
[2025-04-13 06:00:01:105] [INFO] >>> No bots to execute transactions
[2025-04-13 06:00:02:110] [INFO] â›ï¸  Closed block #2 with 2 transactions - 11.74225ms
[2025-04-13 06:00:04:106] [INFO] >>> Time taken to run store_block: 7
[2025-04-13 06:00:04:106] [INFO] >>> Time taken to get game_metadata : 0
[2025-04-13 06:00:04:106] [INFO] >>> Time taken to get bot_addresses : 0
[2025-04-13 06:00:04:106] [INFO] >>> game total diamonds 1000
[2025-04-13 06:00:04:106] [INFO] >>> game current diamonds mined 0
[2025-04-13 06:00:04:106] [INFO] >>> bot addresses length || TPS 0
[2025-04-13 06:00:04:106] [INFO] >>> current active bots length 0
[2025-04-13 06:00:04:106] [INFO] >>> No bots to execute transactions
[2025-04-13 06:00:05:103] [INFO] >>> Time taken to run store_block: 5
[2025-04-13 06:00:05:103] [INFO] >>> Time taken to get game_metadata : 0
[2025-04-13 06:00:05:103] [INFO] >>> Time taken to get bot_addresses : 0
[2025-04-13 06:00:05:103] [INFO] >>> game total diamonds 1000
[2025-04-13 06:00:05:103] [INFO] >>> game current diamonds mined 0
[2025-04-13 06:00:05:103] [INFO] >>> bot addresses length || TPS 0
[2025-04-13 06:00:05:103] [INFO] >>> current active bots length 0
[2025-04-13 06:00:05:103] [INFO] >>> No bots to execute transactions
[2025-04-13 06:00:05:662] [INFO] [ HTTP ] starknet_V0_8_0_chainId 200 64 bytes - 25 ms
[2025-04-13 06:00:05:665] [INFO] [ HTTP ] starknet_V0_8_0_getClassAt 20 75 bytes - 245 ms
[2025-04-13 06:00:05:666] [INFO] [ HTTP ] starknet_V0_8_0_getNonce 20 75 bytes - 106 ms
[2025-04-13 06:00:05:670] [INFO] [ HTTP ] starknet_V0_8_0_addDeployAccountTransaction 200 209 bytes - 1931 ms
[2025-04-13 06:00:05:671] [INFO] [ HTTP ] starknet_V0_8_0_getTransactionReceipt 29 83 bytes - 89 ms
[2025-04-13 06:00:06:107] [INFO] ðŸ§® Executed and added 1 transaction(s) to the pending block at height 3 - 8.587875ms
[2025-04-13 06:00:06:111] [INFO] >>> Time taken to run store_block: 4
[2025-04-13 06:00:06:112] [INFO] >>> Time taken to get game_metadata : 0
[2025-04-13 06:00:06:112] [INFO] >>> Time taken to get bot_addresses : 0
[2025-04-13 06:00:06:112] [INFO] >>> game total diamonds 1000
[2025-04-13 06:00:06:112] [INFO] >>> game current diamonds mined 0
[2025-04-13 06:00:06:112] [INFO] >>> bot addresses length || TPS 0
[2025-04-13 06:00:06:112] [INFO] >>> current active bots length 0
[2025-04-13 06:00:06:112] [INFO] >>> No bots to execute transactions
[2025-04-13 06:00:06:174] [INFO] [ HTTP ] starknet_V0_8_0_getTransactionReceipt 200 794 bytes - 184 ms
[2025-04-13 06:00:06:174] [INFO] [ HTTP ] starknet_V0_8_0_getTransactionReceipt 200 794 bytes - 59 ms
[2025-04-13 06:00:06:175] [INFO] [ HTTP ] starknet_V0_8_0_chainId 200 64 bytes - 9 ms
[2025-04-13 06:00:06:217] [INFO] [ HTTP ] starknet_V0_8_0_getClass 28 77 bytes - 29 ms
[2025-04-13 06:00:06:230] [INFO] [ HTTP ] madara_V0_1_0_addDeclareV0Transaction 200 203 bytes - 11266 ms
[2025-04-13 06:00:07:099] [INFO] ðŸ§® Executed and added 1 transaction(s) to the pending block at height 3 - 711.792Âµs
[2025-04-13 06:00:07:105] [INFO] >>> Time taken to run store_block: 6
[2025-04-13 06:00:07:105] [INFO] >>> Time taken to get game_metadata : 0
[2025-04-13 06:00:07:105] [INFO] >>> Time taken to get bot_addresses : 0
[2025-04-13 06:00:07:105] [INFO] >>> game total diamonds 1000
[2025-04-13 06:00:07:105] [INFO] >>> game current diamonds mined 0
[2025-04-13 06:00:07:105] [INFO] >>> bot addresses length || TPS 0
[2025-04-13 06:00:07:106] [INFO] >>> current active bots length 0
[2025-04-13 06:00:07:106] [INFO] >>> No bots to execute transactions
[2025-04-13 06:00:08:102] [INFO] >>> Time taken to run store_block: 3
[2025-04-13 06:00:08:102] [INFO] >>> Time taken to get game_metadata : 0
[2025-04-13 06:00:08:102] [INFO] >>> Time taken to get bot_addresses : 0
[2025-04-13 06:00:08:102] [INFO] >>> game total diamonds 1000
[2025-04-13 06:00:08:102] [INFO] >>> game current diamonds mined 0
[2025-04-13 06:00:08:102] [INFO] >>> bot addresses length || TPS 0
[2025-04-13 06:00:08:102] [INFO] >>> current active bots length 0
[2025-04-13 06:00:08:102] [INFO] >>> No bots to execute transactions
[2025-04-13 06:00:09:104] [INFO] >>> Time taken to run store_block: 5
[2025-04-13 06:00:09:104] [INFO] >>> Time taken to get game_metadata : 0
[2025-04-13 06:00:09:104] [INFO] >>> Time taken to get bot_addresses : 0
[2025-04-13 06:00:09:104] [INFO] >>> game total diamonds 1000
[2025-04-13 06:00:09:104] [INFO] >>> game current diamonds mined 0
[2025-04-13 06:00:09:104] [INFO] >>> bot addresses length || TPS 0
[2025-04-13 06:00:09:104] [INFO] >>> current active bots length 0
[2025-04-13 06:00:09:104] [INFO] >>> No bots to execute transactions
[2025-04-13 06:00:10:104] [INFO] >>> Time taken to run store_block: 5
[2025-04-13 06:00:10:104] [INFO] >>> Time taken to get game_metadata : 0
[2025-04-13 06:00:10:104] [INFO] >>> Time taken to get bot_addresses : 0
[2025-04-13 06:00:10:104] [INFO] >>> game total diamonds 1000
[2025-04-13 06:00:10:104] [INFO] >>> game current diamonds mined 0
[2025-04-13 06:00:10:104] [INFO] >>> bot addresses length || TPS 0
[2025-04-13 06:00:10:104] [INFO] >>> current active bots length 0
[2025-04-13 06:00:10:104] [INFO] >>> No bots to execute transactions
[2025-04-13 06:00:11:102] [INFO] >>> Time taken to run store_block: 3
[2025-04-13 06:00:11:102] [INFO] >>> Time taken to get game_metadata : 0
[2025-04-13 06:00:11:102] [INFO] >>> Time taken to get bot_addresses : 0
[2025-04-13 06:00:11:102] [INFO] >>> game total diamonds 1000
[2025-04-13 06:00:11:102] [INFO] >>> game current diamonds mined 0
[2025-04-13 06:00:11:102] [INFO] >>> bot addresses length || TPS 0
[2025-04-13 06:00:11:102] [INFO] >>> current active bots length 0
[2025-04-13 06:00:11:102] [INFO] >>> No bots to execute transactions
[2025-04-13 06:00:12:104] [INFO] >>> Time taken to run store_block: 4
[2025-04-13 06:00:12:104] [INFO] >>> Time taken to get game_metadata : 0
[2025-04-13 06:00:12:104] [INFO] >>> Time taken to get bot_addresses : 0
[2025-04-13 06:00:12:104] [INFO] >>> game total diamonds 1000
[2025-04-13 06:00:12:104] [INFO] >>> game current diamonds mined 0
[2025-04-13 06:00:12:104] [INFO] >>> bot addresses length || TPS 0
[2025-04-13 06:00:12:104] [INFO] >>> current active bots length 0
[2025-04-13 06:00:12:104] [INFO] >>> No bots to execute transactions
[2025-04-13 06:00:13:103] [INFO] >>> Time taken to run store_block: 4
[2025-04-13 06:00:13:103] [INFO] >>> Time taken to get game_metadata : 0
[2025-04-13 06:00:13:103] [INFO] >>> Time taken to get bot_addresses : 0
[2025-04-13 06:00:13:103] [INFO] >>> game total diamonds 1000
[2025-04-13 06:00:13:103] [INFO] >>> game current diamonds mined 0
[2025-04-13 06:00:13:103] [INFO] >>> bot addresses length || TPS 0
[2025-04-13 06:00:13:103] [INFO] >>> current active bots length 0
[2025-04-13 06:00:13:103] [INFO] >>> No bots to execute transactions
[2025-04-13 06:00:14:102] [INFO] >>> Time taken to run store_block: 3
[2025-04-13 06:00:14:102] [INFO] >>> Time taken to get game_metadata : 0
[2025-04-13 06:00:14:102] [INFO] >>> Time taken to get bot_addresses : 0
[2025-04-13 06:00:14:102] [INFO] >>> game total diamonds 1000
[2025-04-13 06:00:14:102] [INFO] >>> game current diamonds mined 0
[2025-04-13 06:00:14:102] [INFO] >>> bot addresses length || TPS 0
[2025-04-13 06:00:14:102] [INFO] >>> current active bots length 0
[2025-04-13 06:00:14:102] [INFO] >>> No bots to execute transactions
[2025-04-13 06:00:15:102] [INFO] >>> Time taken to run store_block: 3
[2025-04-13 06:00:15:102] [INFO] >>> Time taken to get game_metadata : 0
[2025-04-13 06:00:15:102] [INFO] >>> Time taken to get bot_addresses : 0
[2025-04-13 06:00:15:102] [INFO] >>> game total diamonds 1000
[2025-04-13 06:00:15:102] [INFO] >>> game current diamonds mined 0
[2025-04-13 06:00:15:102] [INFO] >>> bot addresses length || TPS 0
[2025-04-13 06:00:15:102] [INFO] >>> current active bots length 0
[2025-04-13 06:00:15:102] [INFO] >>> No bots to execute transactions
[2025-04-13 06:00:16:103] [INFO] >>> Time taken to run store_block: 4
[2025-04-13 06:00:16:103] [INFO] >>> Time taken to get game_metadata : 0
[2025-04-13 06:00:16:103] [INFO] >>> Time taken to get bot_addresses : 0
[2025-04-13 06:00:16:103] [INFO] >>> game total diamonds 1000
[2025-04-13 06:00:16:103] [INFO] >>> game current diamonds mined 0
[2025-04-13 06:00:16:103] [INFO] >>> bot addresses length || TPS 0
[2025-04-13 06:00:16:103] [INFO] >>> current active bots length 0
[2025-04-13 06:00:16:103] [INFO] >>> No bots to execute transactions
[2025-04-13 06:00:16:233] [INFO] [ HTTP ] starknet_V0_8_0_getNonce 200 39 bytes - 243 ms
[2025-04-13 06:00:16:237] [INFO] [ HTTP ] starknet_V0_8_0_addInvokeTransaction 200 122 bytes - 1411 ms
[2025-04-13 06:00:16:237] [INFO] [ HTTP ] starknet_V0_8_0_getTransactionReceipt 29 83 bytes - 54 ms
[2025-04-13 06:00:16:740] [INFO] [ HTTP ] starknet_V0_8_0_getTransactionReceipt 29 83 bytes - 147 ms
[2025-04-13 06:00:17:103] [INFO] ðŸ§® Executed and added 1 transaction(s) to the pending block at height 3 - 5.628417ms
[2025-04-13 06:00:17:107] [INFO] >>> Time taken to run store_block: 4
[2025-04-13 06:00:17:107] [INFO] >>> Time taken to get game_metadata : 0
[2025-04-13 06:00:17:107] [INFO] >>> Time taken to get bot_addresses : 0
[2025-04-13 06:00:17:107] [INFO] >>> game total diamonds 1000
[2025-04-13 06:00:17:107] [INFO] >>> game current diamonds mined 0
[2025-04-13 06:00:17:107] [INFO] >>> bot addresses length || TPS 0
[2025-04-13 06:00:17:107] [INFO] >>> current active bots length 0
[2025-04-13 06:00:17:107] [INFO] >>> No bots to execute transactions
[2025-04-13 06:00:17:244] [INFO] [ HTTP ] starknet_V0_8_0_getTransactionReceipt 200 854 bytes - 384 ms
[2025-04-13 06:00:17:245] [INFO] [ HTTP ] starknet_V0_8_0_getTransactionReceipt 200 854 bytes - 137 ms
[2025-04-13 06:00:17:245] [INFO] [ HTTP ] starknet_V0_8_0_getTransactionReceipt 200 854 bytes - 83 ms
[2025-04-13 06:00:17:246] [INFO] [ HTTP ] starknet_V0_8_0_getTransactionReceipt 200 854 bytes - 78 ms
[2025-04-13 06:00:17:246] [INFO] [ HTTP ] starknet_V0_8_0_getTransactionReceipt 200 854 bytes - 53 ms
[2025-04-13 06:00:17:246] [INFO] [ HTTP ] starknet_V0_8_0_getTransactionReceipt 200 854 bytes - 56 ms
[2025-04-13 06:00:18:102] [INFO] >>> Time taken to run store_block: 3
[2025-04-13 06:00:18:102] [INFO] >>> Time taken to get game_metadata : 0
[2025-04-13 06:00:18:102] [INFO] >>> Time taken to get bot_addresses : 0
[2025-04-13 06:00:18:102] [INFO] >>> game total diamonds 1000
[2025-04-13 06:00:18:102] [INFO] >>> game current diamonds mined 0
[2025-04-13 06:00:18:102] [INFO] >>> bot addresses length || TPS 0
[2025-04-13 06:00:18:102] [INFO] >>> current active bots length 0
[2025-04-13 06:00:18:102] [INFO] >>> No bots to execute transactions
[2025-04-13 06:00:19:100] [INFO] >>> Time taken to run store_block: 1
[2025-04-13 06:00:19:100] [INFO] >>> Time taken to get game_metadata : 0
[2025-04-13 06:00:19:100] [INFO] >>> Time taken to get bot_addresses : 0
[2025-04-13 06:00:19:100] [INFO] >>> game total diamonds 1000
[2025-04-13 06:00:19:100] [INFO] >>> game current diamonds mined 0
[2025-04-13 06:00:19:100] [INFO] >>> bot addresses length || TPS 0
[2025-04-13 06:00:19:100] [INFO] >>> current active bots length 0
[2025-04-13 06:00:19:100] [INFO] >>> No bots to execute transactions
[2025-04-13 06:00:20:100] [INFO] >>> Time taken to run store_block: 1
[2025-04-13 06:00:20:100] [INFO] >>> Time taken to get game_metadata : 0
[2025-04-13 06:00:20:100] [INFO] >>> Time taken to get bot_addresses : 0
[2025-04-13 06:00:20:100] [INFO] >>> game total diamonds 1000
[2025-04-13 06:00:20:100] [INFO] >>> game current diamonds mined 0
[2025-04-13 06:00:20:100] [INFO] >>> bot addresses length || TPS 0
[2025-04-13 06:00:20:100] [INFO] >>> current active bots length 0
[2025-04-13 06:00:20:100] [INFO] >>> No bots to execute transactions
[2025-04-13 06:00:21:100] [INFO] >>> Time taken to run store_block: 1
[2025-04-13 06:00:21:100] [INFO] >>> Time taken to get game_metadata : 0
[2025-04-13 06:00:21:101] [INFO] >>> Time taken to get bot_addresses : 0
[2025-04-13 06:00:21:101] [INFO] >>> game total diamonds 1000
[2025-04-13 06:00:21:101] [INFO] >>> game current diamonds mined 0
[2025-04-13 06:00:21:101] [INFO] >>> bot addresses length || TPS 0
[2025-04-13 06:00:21:101] [INFO] >>> current active bots length 0
[2025-04-13 06:00:21:101] [INFO] >>> No bots to execute transactions
[2025-04-13 06:00:22:118] [INFO] â›ï¸  Closed block #3 with 3 transactions - 19.948667ms
[2025-04-13 06:00:24:107] [INFO] >>> Time taken to run store_block: 8
[2025-04-13 06:00:24:107] [INFO] >>> Time taken to get game_metadata : 0
[2025-04-13 06:00:24:107] [INFO] >>> Time taken to get bot_addresses : 0
[2025-04-13 06:00:24:107] [INFO] >>> game total diamonds 1000
[2025-04-13 06:00:24:107] [INFO] >>> game current diamonds mined 0
[2025-04-13 06:00:24:107] [INFO] >>> bot addresses length || TPS 0
[2025-04-13 06:00:24:107] [INFO] >>> current active bots length 0
[2025-04-13 06:00:24:107] [INFO] >>> No bots to execute transactions
[2025-04-13 06:00:25:106] [INFO] >>> Time taken to run store_block: 6
[2025-04-13 06:00:25:106] [INFO] >>> Time taken to get game_metadata : 0
[2025-04-13 06:00:25:106] [INFO] >>> Time taken to get bot_addresses : 0
[2025-04-13 06:00:25:106] [INFO] >>> game total diamonds 1000
[2025-04-13 06:00:25:106] [INFO] >>> game current diamonds mined 0
[2025-04-13 06:00:25:106] [INFO] >>> bot addresses length || TPS 0
[2025-04-13 06:00:25:106] [INFO] >>> current active bots length 0
[2025-04-13 06:00:25:106] [INFO] >>> No bots to execute transactions
[2025-04-13 06:00:26:107] [INFO] >>> Time taken to run store_block: 7
[2025-04-13 06:00:26:107] [INFO] >>> Time taken to get game_metadata : 0
[2025-04-13 06:00:26:107] [INFO] >>> Time taken to get bot_addresses : 0
[2025-04-13 06:00:26:107] [INFO] >>> game total diamonds 1000
[2025-04-13 06:00:26:107] [INFO] >>> game current diamonds mined 0
[2025-04-13 06:00:26:107] [INFO] >>> bot addresses length || TPS 0
[2025-04-13 06:00:26:107] [INFO] >>> current active bots length 0
[2025-04-13 06:00:26:107] [INFO] >>> No bots to execute transactions
[2025-04-13 06:00:27:106] [INFO] >>> Time taken to run store_block: 7
[2025-04-13 06:00:27:106] [INFO] >>> Time taken to get game_metadata : 0
[2025-04-13 06:00:27:106] [INFO] >>> Time taken to get bot_addresses : 0
[2025-04-13 06:00:27:106] [INFO] >>> game total diamonds 1000
[2025-04-13 06:00:27:106] [INFO] >>> game current diamonds mined 0
[2025-04-13 06:00:27:106] [INFO] >>> bot addresses length || TPS 0
[2025-04-13 06:00:27:106] [INFO] >>> current active bots length 0
[2025-04-13 06:00:27:106] [INFO] >>> No bots to execute transactions
[2025-04-13 06:00:28:101] [INFO] >>> Time taken to run store_block: 2
[2025-04-13 06:00:28:101] [INFO] >>> Time taken to get game_metadata : 0
[2025-04-13 06:00:28:101] [INFO] >>> Time taken to get bot_addresses : 0
[2025-04-13 06:00:28:101] [INFO] >>> game total diamonds 1000
[2025-04-13 06:00:28:101] [INFO] >>> game current diamonds mined 0
[2025-04-13 06:00:28:101] [INFO] >>> bot addresses length || TPS 0
[2025-04-13 06:00:28:101] [INFO] >>> current active bots length 0
[2025-04-13 06:00:28:101] [INFO] >>> No bots to execute transactions
[2025-04-13 06:00:29:101] [INFO] >>> Time taken to run store_block: 2
[2025-04-13 06:00:29:101] [INFO] >>> Time taken to get game_metadata : 0
[2025-04-13 06:00:29:101] [INFO] >>> Time taken to get bot_addresses : 0
[2025-04-13 06:00:29:101] [INFO] >>> game total diamonds 1000
[2025-04-13 06:00:29:101] [INFO] >>> game current diamonds mined 0
[2025-04-13 06:00:29:101] [INFO] >>> bot addresses length || TPS 0
[2025-04-13 06:00:29:101] [INFO] >>> current active bots length 0
[2025-04-13 06:00:29:101] [INFO] >>> No bots to execute transactions
[2025-04-13 06:00:30:101] [INFO] >>> Time taken to run store_block: 2
[2025-04-13 06:00:30:101] [INFO] >>> Time taken to get game_metadata : 0
[2025-04-13 06:00:30:101] [INFO] >>> Time taken to get bot_addresses : 0
[2025-04-13 06:00:30:101] [INFO] >>> game total diamonds 1000
[2025-04-13 06:00:30:101] [INFO] >>> game current diamonds mined 0
[2025-04-13 06:00:30:101] [INFO] >>> bot addresses length || TPS 0
[2025-04-13 06:00:30:101] [INFO] >>> current active bots length 0
[2025-04-13 06:00:30:101] [INFO] >>> No bots to execute transactions
[2025-04-13 06:00:31:105] [INFO] >>> Time taken to run store_block: 6
[2025-04-13 06:00:31:105] [INFO] >>> Time taken to get game_metadata : 0
[2025-04-13 06:00:31:105] [INFO] >>> Time taken to get bot_addresses : 0
[2025-04-13 06:00:31:105] [INFO] >>> game total diamonds 1000
[2025-04-13 06:00:31:105] [INFO] >>> game current diamonds mined 0
[2025-04-13 06:00:31:105] [INFO] >>> bot addresses length || TPS 0
[2025-04-13 06:00:31:105] [INFO] >>> current active bots length 0
[2025-04-13 06:00:31:105] [INFO] >>> No bots to execute transactions
[2025-04-13 06:00:32:107] [INFO] >>> Time taken to run store_block: 7
[2025-04-13 06:00:32:107] [INFO] >>> Time taken to get game_metadata : 0
[2025-04-13 06:00:32:107] [INFO] >>> Time taken to get bot_addresses : 0
[2025-04-13 06:00:32:107] [INFO] >>> game total diamonds 1000
[2025-04-13 06:00:32:107] [INFO] >>> game current diamonds mined 0
[2025-04-13 06:00:32:107] [INFO] >>> bot addresses length || TPS 0
[2025-04-13 06:00:32:107] [INFO] >>> current active bots length 0
[2025-04-13 06:00:32:107] [INFO] >>> No bots to execute transactions
[2025-04-13 06:00:33:101] [INFO] >>> Time taken to run store_block: 2
[2025-04-13 06:00:33:101] [INFO] >>> Time taken to get game_metadata : 0
[2025-04-13 06:00:33:101] [INFO] >>> Time taken to get bot_addresses : 0
[2025-04-13 06:00:33:101] [INFO] >>> game total diamonds 1000
[2025-04-13 06:00:33:101] [INFO] >>> game current diamonds mined 0
[2025-04-13 06:00:33:101] [INFO] >>> bot addresses length || TPS 0
[2025-04-13 06:00:33:101] [INFO] >>> current active bots length 0
[2025-04-13 06:00:33:101] [INFO] >>> No bots to execute transactions
[2025-04-13 06:00:34:105] [INFO] >>> Time taken to run store_block: 6
[2025-04-13 06:00:34:105] [INFO] >>> Time taken to get game_metadata : 0
[2025-04-13 06:00:34:105] [INFO] >>> Time taken to get bot_addresses : 0
[2025-04-13 06:00:34:105] [INFO] >>> game total diamonds 1000
[2025-04-13 06:00:34:105] [INFO] >>> game current diamonds mined 0
[2025-04-13 06:00:34:105] [INFO] >>> bot addresses length || TPS 0
[2025-04-13 06:00:34:105] [INFO] >>> current active bots length 0
[2025-04-13 06:00:34:105] [INFO] >>> No bots to execute transactions
[2025-04-13 06:00:35:108] [INFO] >>> Time taken to run store_block: 8
[2025-04-13 06:00:35:108] [INFO] >>> Time taken to get game_metadata : 0
[2025-04-13 06:00:35:108] [INFO] >>> Time taken to get bot_addresses : 0
[2025-04-13 06:00:35:108] [INFO] >>> game total diamonds 1000
[2025-04-13 06:00:35:108] [INFO] >>> game current diamonds mined 0
[2025-04-13 06:00:35:108] [INFO] >>> bot addresses length || TPS 0
[2025-04-13 06:00:35:108] [INFO] >>> current active bots length 0
[2025-04-13 06:00:35:108] [INFO] >>> No bots to execute transactions
[2025-04-13 06:00:36:107] [INFO] >>> Time taken to run store_block: 7
[2025-04-13 06:00:36:107] [INFO] >>> Time taken to get game_metadata : 0
[2025-04-13 06:00:36:107] [INFO] >>> Time taken to get bot_addresses : 0
[2025-04-13 06:00:36:107] [INFO] >>> game total diamonds 1000
[2025-04-13 06:00:36:107] [INFO] >>> game current diamonds mined 0
[2025-04-13 06:00:36:107] [INFO] >>> bot addresses length || TPS 0
[2025-04-13 06:00:36:107] [INFO] >>> current active bots length 0
[2025-04-13 06:00:36:107] [INFO] >>> No bots to execute transactions
[2025-04-13 06:00:37:106] [INFO] >>> Time taken to run store_block: 7
[2025-04-13 06:00:37:107] [INFO] >>> Time taken to get game_metadata : 0
[2025-04-13 06:00:37:107] [INFO] >>> Time taken to get bot_addresses : 0
[2025-04-13 06:00:37:107] [INFO] >>> game total diamonds 1000
[2025-04-13 06:00:37:107] [INFO] >>> game current diamonds mined 0
[2025-04-13 06:00:37:107] [INFO] >>> bot addresses length || TPS 0
[2025-04-13 06:00:37:107] [INFO] >>> current active bots length 0
[2025-04-13 06:00:37:107] [INFO] >>> No bots to execute transactions
[2025-04-13 06:00:38:107] [INFO] >>> Time taken to run store_block: 8
[2025-04-13 06:00:38:107] [INFO] >>> Time taken to get game_metadata : 0
[2025-04-13 06:00:38:107] [INFO] >>> Time taken to get bot_addresses : 0
[2025-04-13 06:00:38:107] [INFO] >>> game total diamonds 1000
[2025-04-13 06:00:38:107] [INFO] >>> game current diamonds mined 0
[2025-04-13 06:00:38:107] [INFO] >>> bot addresses length || TPS 0
[2025-04-13 06:00:38:107] [INFO] >>> current active bots length 0
[2025-04-13 06:00:38:107] [INFO] >>> No bots to execute transactions
[2025-04-13 06:00:39:108] [INFO] >>> Time taken to run store_block: 8
[2025-04-13 06:00:39:108] [INFO] >>> Time taken to get game_metadata : 0
[2025-04-13 06:00:39:108] [INFO] >>> Time taken to get bot_addresses : 0
[2025-04-13 06:00:39:108] [INFO] >>> game total diamonds 1000
[2025-04-13 06:00:39:108] [INFO] >>> game current diamonds mined 0
[2025-04-13 06:00:39:108] [INFO] >>> bot addresses length || TPS 0
[2025-04-13 06:00:39:108] [INFO] >>> current active bots length 0
[2025-04-13 06:00:39:108] [INFO] >>> No bots to execute transactions
[2025-04-13 06:00:40:107] [INFO] >>> Time taken to run store_block: 8
[2025-04-13 06:00:40:107] [INFO] >>> Time taken to get game_metadata : 0
[2025-04-13 06:00:40:107] [INFO] >>> Time taken to get bot_addresses : 0
[2025-04-13 06:00:40:107] [INFO] >>> game total diamonds 1000
[2025-04-13 06:00:40:107] [INFO] >>> game current diamonds mined 0
[2025-04-13 06:00:40:107] [INFO] >>> bot addresses length || TPS 0
[2025-04-13 06:00:40:107] [INFO] >>> current active bots length 0
[2025-04-13 06:00:40:107] [INFO] >>> No bots to execute transactions
[2025-04-13 06:00:41:107] [INFO] >>> Time taken to run store_block: 8
[2025-04-13 06:00:41:107] [INFO] >>> Time taken to get game_metadata : 0
[2025-04-13 06:00:41:107] [INFO] >>> Time taken to get bot_addresses : 0
[2025-04-13 06:00:41:107] [INFO] >>> game total diamonds 1000
[2025-04-13 06:00:41:107] [INFO] >>> game current diamonds mined 0
[2025-04-13 06:00:41:107] [INFO] >>> bot addresses length || TPS 0
[2025-04-13 06:00:41:107] [INFO] >>> current active bots length 0
[2025-04-13 06:00:41:107] [INFO] >>> No bots to execute transactions
[2025-04-13 06:00:42:108] [INFO] â›ï¸  Closed block #4 with 0 transactions - 9.766167ms
[2025-04-13 06:00:44:108] [INFO] >>> Time taken to run store_block: 9
[2025-04-13 06:00:44:108] [INFO] >>> Time taken to get game_metadata : 0
[2025-04-13 06:00:44:108] [INFO] >>> Time taken to get bot_addresses : 0
[2025-04-13 06:00:44:108] [INFO] >>> game total diamonds 1000
[2025-04-13 06:00:44:108] [INFO] >>> game current diamonds mined 0
[2025-04-13 06:00:44:108] [INFO] >>> bot addresses length || TPS 0
[2025-04-13 06:00:44:108] [INFO] >>> current active bots length 0
[2025-04-13 06:00:44:108] [INFO] >>> No bots to execute transactions
